<?xml version="1.0" encoding="UTF-8"?>
<!-- Generated by org.testng.reporters.JUnitXMLReporter -->
<testsuite hostname="DESKTOP-Q8T328U" ignored="0" name="SeleniumBasic" tests="3" failures="0" timestamp="26 Oct 2020 20:50:55 GMT" time="33.569" errors="0">
  <testcase name="chrome" time="6.733" classname="SeleniumBasic.LaunchMultiBrowser"/>
  <testcase name="firfox" time="20.359" classname="SeleniumBasic.LaunchMultiBrowser"/>
  <testcase name="egde" time="6.416" classname="SeleniumBasic.LaunchMultiBrowser"/>
</testsuite> <!-- SeleniumBasic -->
